Arguments: 
  /usr/local/bin/node /usr/local/Cellar/yarn/1.22.10/libexec/bin/yarn.js init

PATH: 
  /usr/local/bin:/usr/local/sbin:/Library/Java/JavaVirtualMachines/jdk1.8.0_131.jdk/Contents/Home/bin:/usr/local/bin:/usr/bin:/bin:/usr/sbin:/sbin:/Applications/VMware Fusion.app/Contents/Public:/usr/local/share/dotnet:/Library/Apple/usr/bin:/Library/Frameworks/Mono.framework/Versions/Current/Commands:/usr/local/sbin:/Library/Java/JavaVirtualMachines/jdk1.8.0_131.jdk/Contents/Home/bin:/Users/wutangmei/.rvm/bin:.:/Users/wutangmei/Library/Android/sdk/platform-tools:/usr/local/Cellar/mysql@5.7/5.7.25/bin:/Users/wutangmei/.rvm/bin:.:/Users/wutangmei/Library/Android/sdk/platform-tools:/usr/local/Cellar/mysql@5.7/5.7.25/bin

Yarn version: 
  1.22.10

Node version: 
  14.16.1

Platform: 
  darwin x64

Trace: 
  Error: canceled
      at Interface.<anonymous> (/usr/local/Cellar/yarn/1.22.10/libexec/lib/cli.js:137009:13)
      at Interface.emit (events.js:315:20)
      at Interface._ttyWrite (readline.js:875:16)
      at ReadStream.onkeypress (readline.js:213:10)
      at ReadStream.emit (events.js:315:20)
      at emitKeys (internal/readline/utils.js:345:14)
      at emitKeys.next (<anonymous>)
      at ReadStream.onData (readline.js:1144:36)
      at ReadStream.emit (events.js:315:20)
      at addChunk (internal/streams/readable.js:309:12)

npm manifest: 
  No manifest

yarn manifest: 
  No manifest

Lockfile: 
  No lockfile
